Started GET "/" for ::1 at 2018-04-11 17:59:46 -0400
  [1m[35m (0.6ms)[0m  [1m[34mSELECT "schema_migrations"."version" FROM "schema_migrations" ORDER BY "schema_migrations"."version" ASC[0m
Processing by HomeController#splash as HTML
  Rendering home/splash.html.erb within layouts/application
  [1m[36mTeam Load (0.8ms)[0m  [1m[34mSELECT "teams".* FROM "teams" ORDER BY "teams"."name" ASC[0m
  [1m[35m (0.5ms)[0m  [1m[34mSELECT COUNT(*) FROM "teams"[0m
  [1m[35m (0.3ms)[0m  [1m[34mSELECT COUNT(*) FROM "teams" WHERE "teams"."photo" IS NULL[0m
  [1m[35m (0.2ms)[0m  [1m[34mSELECT COUNT(*) FROM "teams"[0m
  Rendered home/splash.html.erb within layouts/application (17.3ms)
Completed 200 OK in 2931ms (Views: 2909.5ms | ActiveRecord: 6.8ms)


Started GET "/" for ::1 at 2018-04-11 17:59:50 -0400
Processing by HomeController#splash as HTML
  Rendering home/splash.html.erb within layouts/application
  [1m[36mTeam Load (0.8ms)[0m  [1m[34mSELECT "teams".* FROM "teams" ORDER BY "teams"."name" ASC[0m
  [1m[35m (0.8ms)[0m  [1m[34mSELECT COUNT(*) FROM "teams"[0m
  [1m[35m (0.6ms)[0m  [1m[34mSELECT COUNT(*) FROM "teams" WHERE "teams"."photo" IS NULL[0m
  [1m[35mCACHE  (0.0ms)[0m  [1m[34mSELECT COUNT(*) FROM "teams"[0m
  Rendered home/splash.html.erb within layouts/application (7.6ms)
Completed 200 OK in 47ms (Views: 41.3ms | ActiveRecord: 2.2ms)


Started GET "/" for ::1 at 2018-04-11 17:59:53 -0400
Processing by HomeController#splash as HTML
  Rendering home/splash.html.erb within layouts/application
  [1m[36mTeam Load (0.4ms)[0m  [1m[34mSELECT "teams".* FROM "teams" ORDER BY "teams"."name" ASC[0m
  [1m[35m (0.3ms)[0m  [1m[34mSELECT COUNT(*) FROM "teams"[0m
  [1m[35m (0.3ms)[0m  [1m[34mSELECT COUNT(*) FROM "teams" WHERE "teams"."photo" IS NULL[0m
  [1m[35mCACHE  (0.0ms)[0m  [1m[34mSELECT COUNT(*) FROM "teams"[0m
  Rendered home/splash.html.erb within layouts/application (4.6ms)
Completed 200 OK in 52ms (Views: 47.5ms | ActiveRecord: 1.1ms)


Started GET "/" for ::1 at 2018-04-11 17:59:53 -0400
Processing by HomeController#splash as HTML
  Rendering home/splash.html.erb within layouts/application
  [1m[36mTeam Load (0.4ms)[0m  [1m[34mSELECT "teams".* FROM "teams" ORDER BY "teams"."name" ASC[0m
  [1m[35m (0.7ms)[0m  [1m[34mSELECT COUNT(*) FROM "teams"[0m
  [1m[35m (0.3ms)[0m  [1m[34mSELECT COUNT(*) FROM "teams" WHERE "teams"."photo" IS NULL[0m
  [1m[35mCACHE  (0.0ms)[0m  [1m[34mSELECT COUNT(*) FROM "teams"[0m
  Rendered home/splash.html.erb within layouts/application (10.0ms)
Completed 200 OK in 61ms (Views: 55.1ms | ActiveRecord: 1.5ms)


Started GET "/" for ::1 at 2018-04-11 18:01:42 -0400
Started GET "/" for ::1 at 2018-04-11 18:01:42 -0400
  [1m[35m (0.7ms)[0m  [1m[34mSELECT "schema_migrations"."version" FROM "schema_migrations" ORDER BY "schema_migrations"."version" ASC[0m
  [1m[35m (1.2ms)[0m  [1m[34mSELECT "schema_migrations"."version" FROM "schema_migrations" ORDER BY "schema_migrations"."version" ASC[0m
Processing by HomeController#splash as HTML
Processing by HomeController#splash as HTML
  Rendering home/splash.html.erb within layouts/application
  Rendering home/splash.html.erb within layouts/application
  [1m[36mTeam Load (0.9ms)[0m  [1m[34mSELECT "teams".* FROM "teams" ORDER BY "teams"."name" ASC[0m
  [1m[36mTeam Load (1.5ms)[0m  [1m[34mSELECT "teams".* FROM "teams" ORDER BY "teams"."name" ASC[0m
  [1m[35m (1.2ms)[0m  [1m[34mSELECT COUNT(*) FROM "teams"[0m
  [1m[35m (0.8ms)[0m  [1m[34mSELECT COUNT(*) FROM "teams"[0m
  [1m[35m (0.5ms)[0m  [1m[34mSELECT COUNT(*) FROM "teams" WHERE "teams"."photo" IS NULL[0m
  [1m[35m (0.4ms)[0m  [1m[34mSELECT COUNT(*) FROM "teams" WHERE "teams"."photo" IS NULL[0m
  [1m[35m (0.4ms)[0m  [1m[34mSELECT COUNT(*) FROM "teams"[0m
  Rendered home/splash.html.erb within layouts/application (22.6ms)
  [1m[35m (62.0ms)[0m  [1m[34mSELECT COUNT(*) FROM "teams"[0m
  Rendered home/splash.html.erb within layouts/application (135.5ms)
Completed 200 OK in 316ms (Views: 290.6ms | ActiveRecord: 8.0ms)


Completed 200 OK in 310ms (Views: 221.9ms | ActiveRecord: 77.9ms)


Started GET "/" for ::1 at 2018-04-11 18:01:46 -0400
Processing by HomeController#splash as HTML
Started GET "/" for ::1 at 2018-04-11 18:01:46 -0400
Processing by HomeController#splash as HTML
  Rendering home/splash.html.erb within layouts/application
  Rendering home/splash.html.erb within layouts/application
  [1m[36mTeam Load (1.5ms)[0m  [1m[34mSELECT "teams".* FROM "teams" ORDER BY "teams"."name" ASC[0m
  [1m[35m (1.5ms)[0m  [1m[34mSELECT COUNT(*) FROM "teams"[0m
  [1m[35m (0.6ms)[0m  [1m[34mSELECT COUNT(*) FROM "teams" WHERE "teams"."photo" IS NULL[0m
  [1m[35mCACHE  (0.0ms)[0m  [1m[34mSELECT COUNT(*) FROM "teams"[0m
  Rendered home/splash.html.erb within layouts/application (23.4ms)
  [1m[36mTeam Load (3.5ms)[0m  [1m[34mSELECT "teams".* FROM "teams" ORDER BY "teams"."name" ASC[0m
  [1m[35m (2.3ms)[0m  [1m[34mSELECT COUNT(*) FROM "teams"[0m
  [1m[35m (4.1ms)[0m  [1m[34mSELECT COUNT(*) FROM "teams" WHERE "teams"."photo" IS NULL[0m
  [1m[35mCACHE  (0.0ms)[0m  [1m[34mSELECT COUNT(*) FROM "teams"[0m
  Rendered home/splash.html.erb within layouts/application (34.6ms)
Completed 200 OK in 58ms (Views: 42.2ms | ActiveRecord: 11.8ms)


Completed 200 OK in 68ms (Views: 46.3ms | ActiveRecord: 19.5ms)


Started GET "/" for ::1 at 2018-04-11 21:39:22 -0400
  [1m[35m (1.1ms)[0m  [1m[34mSELECT "schema_migrations"."version" FROM "schema_migrations" ORDER BY "schema_migrations"."version" ASC[0m
Processing by HomeController#splash as HTML
  Rendering home/splash.html.erb within layouts/application
  [1m[36mTeam Load (1.3ms)[0m  [1m[34mSELECT "teams".* FROM "teams" ORDER BY "teams"."name" ASC[0m
  [1m[36mPerson Load (0.8ms)[0m  [1m[34mSELECT "people".* FROM "people" WHERE "people"."team_id" = $1[0m  [["team_id", 3]]
  [1m[36mPerson Load (0.4ms)[0m  [1m[34mSELECT "people".* FROM "people" WHERE "people"."team_id" = $1[0m  [["team_id", 17]]
  [1m[36mPerson Load (0.3ms)[0m  [1m[34mSELECT "people".* FROM "people" WHERE "people"."team_id" = $1[0m  [["team_id", 5]]
  [1m[36mPerson Load (0.3ms)[0m  [1m[34mSELECT "people".* FROM "people" WHERE "people"."team_id" = $1[0m  [["team_id", 4]]
  [1m[36mPerson Load (0.2ms)[0m  [1m[34mSELECT "people".* FROM "people" WHERE "people"."team_id" = $1[0m  [["team_id", 1]]
  [1m[36mPerson Load (0.2ms)[0m  [1m[34mSELECT "people".* FROM "people" WHERE "people"."team_id" = $1[0m  [["team_id", 18]]
  [1m[36mPerson Load (0.1ms)[0m  [1m[34mSELECT "people".* FROM "people" WHERE "people"."team_id" = $1[0m  [["team_id", 15]]
  [1m[36mPerson Load (0.1ms)[0m  [1m[34mSELECT "people".* FROM "people" WHERE "people"."team_id" = $1[0m  [["team_id", 12]]
  [1m[36mPerson Load (0.1ms)[0m  [1m[34mSELECT "people".* FROM "people" WHERE "people"."team_id" = $1[0m  [["team_id", 6]]
  [1m[36mPerson Load (0.2ms)[0m  [1m[34mSELECT "people".* FROM "people" WHERE "people"."team_id" = $1[0m  [["team_id", 16]]
  [1m[36mPerson Load (0.1ms)[0m  [1m[34mSELECT "people".* FROM "people" WHERE "people"."team_id" = $1[0m  [["team_id", 8]]
  [1m[36mPerson Load (0.1ms)[0m  [1m[34mSELECT "people".* FROM "people" WHERE "people"."team_id" = $1[0m  [["team_id", 7]]
  [1m[36mPerson Load (0.1ms)[0m  [1m[34mSELECT "people".* FROM "people" WHERE "people"."team_id" = $1[0m  [["team_id", 2]]
  [1m[36mPerson Load (0.1ms)[0m  [1m[34mSELECT "people".* FROM "people" WHERE "people"."team_id" = $1[0m  [["team_id", 13]]
  [1m[36mPerson Load (0.1ms)[0m  [1m[34mSELECT "people".* FROM "people" WHERE "people"."team_id" = $1[0m  [["team_id", 14]]
  [1m[36mPerson Load (0.2ms)[0m  [1m[34mSELECT "people".* FROM "people" WHERE "people"."team_id" = $1[0m  [["team_id", 9]]
  [1m[36mPerson Load (0.2ms)[0m  [1m[34mSELECT "people".* FROM "people" WHERE "people"."team_id" = $1[0m  [["team_id", 10]]
  [1m[36mPerson Load (0.1ms)[0m  [1m[34mSELECT "people".* FROM "people" WHERE "people"."team_id" = $1[0m  [["team_id", 11]]
  [1m[35m (0.4ms)[0m  [1m[34mSELECT COUNT(*) FROM "teams"[0m
  [1m[35m (0.3ms)[0m  [1m[34mSELECT COUNT(*) FROM "teams" WHERE "teams"."photo" IS NULL[0m
  [1m[35m (0.2ms)[0m  [1m[34mSELECT COUNT(*) FROM "teams"[0m
  Rendered home/splash.html.erb within layouts/application (221.3ms)
Completed 200 OK in 285ms (Views: 241.2ms | ActiveRecord: 15.3ms)


